  [1m[35m (546.9ms)[0m  [1m[35mCREATE DATABASE "first_routes_and_controllers_development" ENCODING = 'unicode'[0m
  ↳ bin/rails:9
  [1m[35m (199.0ms)[0m  [1m[35mCREATE DATABASE "first_routes_and_controllers_test" ENCODING = 'unicode'[0m
  ↳ bin/rails:9
Started GET "/users" for ::1 at 2021-10-06 15:18:44 -0700
  
AbstractController::ActionNotFound (The action 'index' could not be found for UsersController):
  
actionpack (5.2.6) lib/abstract_controller/base.rb:129:in `process'
actionview (5.2.6) lib/action_view/rendering.rb:32:in `process'
actionpack (5.2.6) lib/action_controller/metal.rb:191:in `dispatch'
actionpack (5.2.6) lib/action_controller/metal.rb:252:in `dispatch'
actionpack (5.2.6) lib/action_dispatch/routing/route_set.rb:52:in `dispatch'
actionpack (5.2.6) lib/action_dispatch/routing/route_set.rb:34:in `serve'
actionpack (5.2.6) lib/action_dispatch/journey/router.rb:52:in `block in serve'
actionpack (5.2.6) lib/action_dispatch/journey/router.rb:35:in `each'
actionpack (5.2.6) lib/action_dispatch/journey/router.rb:35:in `serve'
actionpack (5.2.6) lib/action_dispatch/routing/route_set.rb:840:in `call'
rack (2.2.3) lib/rack/tempfile_reaper.rb:15:in `call'
rack (2.2.3) lib/rack/etag.rb:27:in `call'
rack (2.2.3) lib/rack/conditional_get.rb:27:in `call'
rack (2.2.3) lib/rack/head.rb:12:in `call'
actionpack (5.2.6) lib/action_dispatch/http/content_security_policy.rb:18:in `call'
rack (2.2.3) lib/rack/session/abstract/id.rb:266:in `context'
rack (2.2.3) lib/rack/session/abstract/id.rb:260:in `call'
actionpack (5.2.6) lib/action_dispatch/middleware/cookies.rb:670:in `call'
activerecord (5.2.6) lib/active_record/migration.rb:559:in `call'
actionpack (5.2.6) lib/action_dispatch/middleware/callbacks.rb:28:in `block in call'
activesupport (5.2.6) lib/active_support/callbacks.rb:98:in `run_callbacks'
actionpack (5.2.6) lib/action_dispatch/middleware/callbacks.rb:26:in `call'
actionpack (5.2.6) lib/action_dispatch/middleware/executor.rb:14:in `call'
actionpack (5.2.6) lib/action_dispatch/middleware/debug_exceptions.rb:61:in `call'
web-console (3.7.0) lib/web_console/middleware.rb:135:in `call_app'
web-console (3.7.0) lib/web_console/middleware.rb:30:in `block in call'
web-console (3.7.0) lib/web_console/middleware.rb:20:in `catch'
web-console (3.7.0) lib/web_console/middleware.rb:20:in `call'
actionpack (5.2.6) lib/action_dispatch/middleware/show_exceptions.rb:33:in `call'
railties (5.2.6) lib/rails/rack/logger.rb:38:in `call_app'
railties (5.2.6) lib/rails/rack/logger.rb:26:in `block in call'
activesupport (5.2.6) lib/active_support/tagged_logging.rb:71:in `block in tagged'
activesupport (5.2.6) lib/active_support/tagged_logging.rb:28:in `tagged'
activesupport (5.2.6) lib/active_support/tagged_logging.rb:71:in `tagged'
railties (5.2.6) lib/rails/rack/logger.rb:26:in `call'
sprockets-rails (3.2.2) lib/sprockets/rails/quiet_assets.rb:13:in `call'
actionpack (5.2.6) lib/action_dispatch/middleware/remote_ip.rb:81:in `call'
actionpack (5.2.6) lib/action_dispatch/middleware/request_id.rb:27:in `call'
rack (2.2.3) lib/rack/method_override.rb:24:in `call'
rack (2.2.3) lib/rack/runtime.rb:22:in `call'
activesupport (5.2.6) lib/active_support/cache/strategy/local_cache_middleware.rb:29:in `call'
actionpack (5.2.6) lib/action_dispatch/middleware/executor.rb:14:in `call'
actionpack (5.2.6) lib/action_dispatch/middleware/static.rb:127:in `call'
rack (2.2.3) lib/rack/sendfile.rb:110:in `call'
railties (5.2.6) lib/rails/engine.rb:524:in `call'
puma (3.12.6) lib/puma/configuration.rb:227:in `call'
puma (3.12.6) lib/puma/server.rb:706:in `handle_request'
puma (3.12.6) lib/puma/server.rb:476:in `process_client'
puma (3.12.6) lib/puma/server.rb:334:in `block in run'
puma (3.12.6) lib/puma/thread_pool.rb:135:in `block in spawn_thread'
Started GET "/users" for ::1 at 2021-10-06 15:22:36 -0700
Processing by UsersController#index as */*
No template found for UsersController#index, rendering head :no_content
Completed 204 No Content in 1419ms (ActiveRecord: 0.0ms)


Started GET "/users" for ::1 at 2021-10-06 15:23:27 -0700
Processing by UsersController#index as */*
No template found for UsersController#index, rendering head :no_content
Completed 204 No Content in 968ms (ActiveRecord: 0.0ms)


Started GET "/users" for ::1 at 2021-10-06 15:24:37 -0700
Processing by UsersController#index as */*
  Rendering text template
  Rendered text template (0.0ms)
Completed 200 OK in 84ms (Views: 78.2ms | ActiveRecord: 0.0ms)


Started GET "/users?fav_food=pizza" for ::1 at 2021-10-06 15:26:06 -0700
Processing by UsersController#index as */*
  Parameters: {"fav_food"=>"pizza"}
  Rendering text template
  Rendered text template (1.1ms)
Completed 200 OK in 112ms (Views: 110.6ms | ActiveRecord: 0.0ms)


Started POST "/users" for ::1 at 2021-10-06 15:28:00 -0700
  
AbstractController::ActionNotFound (The action 'create' could not be found for UsersController):
  
actionpack (5.2.6) lib/abstract_controller/base.rb:129:in `process'
actionview (5.2.6) lib/action_view/rendering.rb:32:in `process'
actionpack (5.2.6) lib/action_controller/metal.rb:191:in `dispatch'
actionpack (5.2.6) lib/action_controller/metal.rb:252:in `dispatch'
actionpack (5.2.6) lib/action_dispatch/routing/route_set.rb:52:in `dispatch'
actionpack (5.2.6) lib/action_dispatch/routing/route_set.rb:34:in `serve'
actionpack (5.2.6) lib/action_dispatch/journey/router.rb:52:in `block in serve'
actionpack (5.2.6) lib/action_dispatch/journey/router.rb:35:in `each'
actionpack (5.2.6) lib/action_dispatch/journey/router.rb:35:in `serve'
actionpack (5.2.6) lib/action_dispatch/routing/route_set.rb:840:in `call'
rack (2.2.3) lib/rack/tempfile_reaper.rb:15:in `call'
rack (2.2.3) lib/rack/etag.rb:27:in `call'
rack (2.2.3) lib/rack/conditional_get.rb:40:in `call'
rack (2.2.3) lib/rack/head.rb:12:in `call'
actionpack (5.2.6) lib/action_dispatch/http/content_security_policy.rb:18:in `call'
rack (2.2.3) lib/rack/session/abstract/id.rb:266:in `context'
rack (2.2.3) lib/rack/session/abstract/id.rb:260:in `call'
actionpack (5.2.6) lib/action_dispatch/middleware/cookies.rb:670:in `call'
activerecord (5.2.6) lib/active_record/migration.rb:559:in `call'
actionpack (5.2.6) lib/action_dispatch/middleware/callbacks.rb:28:in `block in call'
activesupport (5.2.6) lib/active_support/callbacks.rb:98:in `run_callbacks'
actionpack (5.2.6) lib/action_dispatch/middleware/callbacks.rb:26:in `call'
actionpack (5.2.6) lib/action_dispatch/middleware/executor.rb:14:in `call'
actionpack (5.2.6) lib/action_dispatch/middleware/debug_exceptions.rb:61:in `call'
web-console (3.7.0) lib/web_console/middleware.rb:135:in `call_app'
web-console (3.7.0) lib/web_console/middleware.rb:30:in `block in call'
web-console (3.7.0) lib/web_console/middleware.rb:20:in `catch'
web-console (3.7.0) lib/web_console/middleware.rb:20:in `call'
actionpack (5.2.6) lib/action_dispatch/middleware/show_exceptions.rb:33:in `call'
railties (5.2.6) lib/rails/rack/logger.rb:38:in `call_app'
railties (5.2.6) lib/rails/rack/logger.rb:26:in `block in call'
activesupport (5.2.6) lib/active_support/tagged_logging.rb:71:in `block in tagged'
activesupport (5.2.6) lib/active_support/tagged_logging.rb:28:in `tagged'
activesupport (5.2.6) lib/active_support/tagged_logging.rb:71:in `tagged'
railties (5.2.6) lib/rails/rack/logger.rb:26:in `call'
sprockets-rails (3.2.2) lib/sprockets/rails/quiet_assets.rb:13:in `call'
actionpack (5.2.6) lib/action_dispatch/middleware/remote_ip.rb:81:in `call'
actionpack (5.2.6) lib/action_dispatch/middleware/request_id.rb:27:in `call'
rack (2.2.3) lib/rack/method_override.rb:24:in `call'
rack (2.2.3) lib/rack/runtime.rb:22:in `call'
activesupport (5.2.6) lib/active_support/cache/strategy/local_cache_middleware.rb:29:in `call'
actionpack (5.2.6) lib/action_dispatch/middleware/executor.rb:14:in `call'
actionpack (5.2.6) lib/action_dispatch/middleware/static.rb:127:in `call'
rack (2.2.3) lib/rack/sendfile.rb:110:in `call'
railties (5.2.6) lib/rails/engine.rb:524:in `call'
puma (3.12.6) lib/puma/configuration.rb:227:in `call'
puma (3.12.6) lib/puma/server.rb:706:in `handle_request'
puma (3.12.6) lib/puma/server.rb:476:in `process_client'
puma (3.12.6) lib/puma/server.rb:334:in `block in run'
puma (3.12.6) lib/puma/thread_pool.rb:135:in `block in spawn_thread'
Started POST "/users" for ::1 at 2021-10-06 15:28:49 -0700
Processing by UsersController#create as */*
Completed 200 OK in 3ms (Views: 2.0ms | ActiveRecord: 0.0ms)


Started POST "/users?fav_food=pizza" for ::1 at 2021-10-06 15:30:33 -0700
Processing by UsersController#create as */*
  Parameters: {"fav_food"=>"pizza"}
Completed 200 OK in 1ms (Views: 0.2ms | ActiveRecord: 0.0ms)


Started GET "/users/2" for ::1 at 2021-10-06 15:32:55 -0700
  
AbstractController::ActionNotFound (The action 'show' could not be found for UsersController):
  
actionpack (5.2.6) lib/abstract_controller/base.rb:129:in `process'
actionview (5.2.6) lib/action_view/rendering.rb:32:in `process'
actionpack (5.2.6) lib/action_controller/metal.rb:191:in `dispatch'
actionpack (5.2.6) lib/action_controller/metal.rb:252:in `dispatch'
actionpack (5.2.6) lib/action_dispatch/routing/route_set.rb:52:in `dispatch'
actionpack (5.2.6) lib/action_dispatch/routing/route_set.rb:34:in `serve'
actionpack (5.2.6) lib/action_dispatch/journey/router.rb:52:in `block in serve'
actionpack (5.2.6) lib/action_dispatch/journey/router.rb:35:in `each'
actionpack (5.2.6) lib/action_dispatch/journey/router.rb:35:in `serve'
actionpack (5.2.6) lib/action_dispatch/routing/route_set.rb:840:in `call'
rack (2.2.3) lib/rack/tempfile_reaper.rb:15:in `call'
rack (2.2.3) lib/rack/etag.rb:27:in `call'
rack (2.2.3) lib/rack/conditional_get.rb:27:in `call'
rack (2.2.3) lib/rack/head.rb:12:in `call'
actionpack (5.2.6) lib/action_dispatch/http/content_security_policy.rb:18:in `call'
rack (2.2.3) lib/rack/session/abstract/id.rb:266:in `context'
rack (2.2.3) lib/rack/session/abstract/id.rb:260:in `call'
actionpack (5.2.6) lib/action_dispatch/middleware/cookies.rb:670:in `call'
activerecord (5.2.6) lib/active_record/migration.rb:559:in `call'
actionpack (5.2.6) lib/action_dispatch/middleware/callbacks.rb:28:in `block in call'
activesupport (5.2.6) lib/active_support/callbacks.rb:98:in `run_callbacks'
actionpack (5.2.6) lib/action_dispatch/middleware/callbacks.rb:26:in `call'
actionpack (5.2.6) lib/action_dispatch/middleware/executor.rb:14:in `call'
actionpack (5.2.6) lib/action_dispatch/middleware/debug_exceptions.rb:61:in `call'
web-console (3.7.0) lib/web_console/middleware.rb:135:in `call_app'
web-console (3.7.0) lib/web_console/middleware.rb:30:in `block in call'
web-console (3.7.0) lib/web_console/middleware.rb:20:in `catch'
web-console (3.7.0) lib/web_console/middleware.rb:20:in `call'
actionpack (5.2.6) lib/action_dispatch/middleware/show_exceptions.rb:33:in `call'
railties (5.2.6) lib/rails/rack/logger.rb:38:in `call_app'
railties (5.2.6) lib/rails/rack/logger.rb:26:in `block in call'
activesupport (5.2.6) lib/active_support/tagged_logging.rb:71:in `block in tagged'
activesupport (5.2.6) lib/active_support/tagged_logging.rb:28:in `tagged'
activesupport (5.2.6) lib/active_support/tagged_logging.rb:71:in `tagged'
railties (5.2.6) lib/rails/rack/logger.rb:26:in `call'
sprockets-rails (3.2.2) lib/sprockets/rails/quiet_assets.rb:13:in `call'
actionpack (5.2.6) lib/action_dispatch/middleware/remote_ip.rb:81:in `call'
actionpack (5.2.6) lib/action_dispatch/middleware/request_id.rb:27:in `call'
rack (2.2.3) lib/rack/method_override.rb:24:in `call'
rack (2.2.3) lib/rack/runtime.rb:22:in `call'
activesupport (5.2.6) lib/active_support/cache/strategy/local_cache_middleware.rb:29:in `call'
actionpack (5.2.6) lib/action_dispatch/middleware/executor.rb:14:in `call'
actionpack (5.2.6) lib/action_dispatch/middleware/static.rb:127:in `call'
rack (2.2.3) lib/rack/sendfile.rb:110:in `call'
railties (5.2.6) lib/rails/engine.rb:524:in `call'
puma (3.12.6) lib/puma/configuration.rb:227:in `call'
puma (3.12.6) lib/puma/server.rb:706:in `handle_request'
puma (3.12.6) lib/puma/server.rb:476:in `process_client'
puma (3.12.6) lib/puma/server.rb:334:in `block in run'
puma (3.12.6) lib/puma/thread_pool.rb:135:in `block in spawn_thread'
Started GET "/users/2" for ::1 at 2021-10-06 15:34:04 -0700
Processing by UsersController#show as */*
  Parameters: {"id"=>"2"}
Completed 200 OK in 73ms (Views: 0.6ms | ActiveRecord: 0.0ms)


Started GET "/users/2" for ::1 at 2021-10-06 15:37:21 -0700
Processing by UsersController#show as */*
  Parameters: {"some_category"=>{"a_key"=>"another value", "a_second_key"=>"yet another value", "inner_inner_hash"=>{"key"=>"value"}}, "something_else"=>"ahhhhh", "id"=>"2"}
Completed 200 OK in 2ms (Views: 0.6ms | ActiveRecord: 0.0ms)


Started POST "/users" for ::1 at 2021-10-06 15:40:33 -0700
Processing by UsersController#create as */*
  Parameters: {"some_category"=>{"a_key"=>"another value", "a_second_key"=>"yet another value", "inner_inner_hash"=>{"key"=>"value"}}, "something_else"=>"ahhhhh"}
Completed 200 OK in 3ms (Views: 0.8ms | ActiveRecord: 0.0ms)


  [1m[35m (98.0ms)[0m  [1m[35mCREATE TABLE "schema_migrations" ("version" character varying NOT NULL PRIMARY KEY)[0m
  ↳ bin/rails:9
  [1m[35m (6.1ms)[0m  [1m[35mCREATE TABLE "ar_internal_metadata" ("key" character varying NOT NULL PRIMARY KEY, "value" character varying, "created_at" timestamp NOT NULL, "updated_at" timestamp NOT NULL)[0m
  ↳ bin/rails:9
  [1m[35m (1.7ms)[0m  [1m[34mSELECT pg_try_advisory_lock(2711202859307440470)[0m
  ↳ bin/rails:9
  [1m[35m (6.0ms)[0m  [1m[34mSELECT "schema_migrations"."version" FROM "schema_migrations" ORDER BY "schema_migrations"."version" ASC[0m
  ↳ bin/rails:9
Migrating to CreateUsers (20211006230808)
  [1m[35m (5.9ms)[0m  [1m[35mBEGIN[0m
  ↳ bin/rails:9
  [1m[35m (46.7ms)[0m  [1m[35mCREATE TABLE "users" ("id" bigserial primary key, "name" character varying NOT NULL, "email" character varying NOT NULL, "created_at" timestamp NOT NULL, "updated_at" timestamp NOT NULL)[0m
  ↳ db/migrate/20211006230808_create_users.rb:3
  [1m[36mActiveRecord::SchemaMigration Create (18.4ms)[0m  [1m[32mINSERT INTO "schema_migrations" ("version") VALUES ($1) RETURNING "version"[0m  [["version", "20211006230808"]]
  ↳ bin/rails:9
  [1m[35m (1.2ms)[0m  [1m[35mCOMMIT[0m
  ↳ bin/rails:9
  [1m[36mActiveRecord::InternalMetadata Load (0.6ms)[0m  [1m[34mSELECT  "ar_internal_metadata".* FROM "ar_internal_metadata" WHERE "ar_internal_metadata"."key" = $1 LIMIT $2[0m  [["key", "environment"], ["LIMIT", 1]]
  ↳ bin/rails:9
  [1m[35m (0.2ms)[0m  [1m[35mBEGIN[0m
  ↳ bin/rails:9
  [1m[36mActiveRecord::InternalMetadata Create (2.6ms)[0m  [1m[32mINSERT INTO "ar_internal_metadata" ("key", "value", "created_at", "updated_at") VALUES ($1, $2, $3, $4) RETURNING "key"[0m  [["key", "environment"], ["value", "development"], ["created_at", "2021-10-06 23:10:39.094018"], ["updated_at", "2021-10-06 23:10:39.094018"]]
  ↳ bin/rails:9
  [1m[35m (0.8ms)[0m  [1m[35mCOMMIT[0m
  ↳ bin/rails:9
  [1m[35m (3.3ms)[0m  [1m[34mSELECT pg_advisory_unlock(2711202859307440470)[0m
  ↳ bin/rails:9
  [1m[35m (1.5ms)[0m  [1m[34mSELECT "schema_migrations"."version" FROM "schema_migrations" ORDER BY "schema_migrations"."version" ASC[0m
  ↳ bin/rails:9
Started GET "/users" for ::1 at 2021-10-06 16:15:00 -0700
  [1m[35m (3.4ms)[0m  [1m[34mSELECT "schema_migrations"."version" FROM "schema_migrations" ORDER BY "schema_migrations"."version" ASC[0m
  ↳ /Users/jean/.rbenv/versions/2.5.1/lib/ruby/gems/2.5.0/gems/activerecord-5.2.6/lib/active_record/log_subscriber.rb:98
Processing by UsersController#index as */*
  [1m[36mUser Load (3.7ms)[0m  [1m[34mSELECT "users".* FROM "users"[0m
  ↳ app/controllers/users_controller.rb:4
Completed 200 OK in 39ms (Views: 8.9ms | ActiveRecord: 15.2ms)


Started GET "/users" for ::1 at 2021-10-06 16:16:26 -0700
Processing by UsersController#index as */*
  Rendering text template
  Rendered text template (0.0ms)
Completed 500 Internal Server Error in 161ms (Views: 112.4ms | ActiveRecord: 0.0ms)


  
AbstractController::DoubleRenderError (Render and/or redirect were called multiple times in this action. Please note that you may only call render OR redirect, and at most once per action. Also note that neither redirect nor render terminate execution of the action, so if you want to exit an action after redirecting, you need to do something like "redirect_to(...) and return".):
  
app/controllers/users_controller.rb:4:in `index'
Started POST "/users" for ::1 at 2021-10-06 16:22:42 -0700
Processing by UsersController#create as */*
Completed 400 Bad Request in 38ms (ActiveRecord: 0.0ms)


  
ActionController::ParameterMissing (param is missing or the value is empty: user):
  
app/controllers/users_controller.rb:8:in `create'
Started POST "/users" for ::1 at 2021-10-06 16:24:12 -0700
Processing by UsersController#create as */*
  Parameters: {"user"=>{"name"=>"Tipper4", "email"=>"tipper4@email.com"}}
  [1m[35m (0.2ms)[0m  [1m[35mBEGIN[0m
  ↳ app/controllers/users_controller.rb:9
  [1m[36mUser Create (5.2ms)[0m  [1m[32mINSERT INTO "users" ("name", "email", "created_at", "updated_at") VALUES ($1, $2, $3, $4) RETURNING "id"[0m  [["name", "Tipper4"], ["email", "tipper4@email.com"], ["created_at", "2021-10-06 23:24:12.091634"], ["updated_at", "2021-10-06 23:24:12.091634"]]
  ↳ app/controllers/users_controller.rb:9
  [1m[35m (1.2ms)[0m  [1m[35mCOMMIT[0m
  ↳ app/controllers/users_controller.rb:9
Completed 200 OK in 53ms (Views: 1.8ms | ActiveRecord: 30.4ms)


Started POST "/users" for ::1 at 2021-10-06 16:25:13 -0700
Processing by UsersController#create as */*
  Parameters: {"user"=>{"name"=>"Tipper4"}}
  [1m[35m (1.5ms)[0m  [1m[35mBEGIN[0m
  ↳ app/controllers/users_controller.rb:9
  [1m[35m (2.2ms)[0m  [1m[31mROLLBACK[0m
  ↳ app/controllers/users_controller.rb:9
Completed 422 Unprocessable Entity in 45ms (ActiveRecord: 3.6ms)


  
ActiveRecord::RecordInvalid (Validation failed: Email can't be blank):
  
app/controllers/users_controller.rb:9:in `create'
Started POST "/users" for ::1 at 2021-10-06 16:26:45 -0700
Processing by UsersController#create as */*
  Parameters: {"user"=>{"name"=>"Tipper4"}}
  [1m[35m (0.2ms)[0m  [1m[35mBEGIN[0m
  ↳ app/controllers/users_controller.rb:9
  [1m[35m (3.7ms)[0m  [1m[31mROLLBACK[0m
  ↳ app/controllers/users_controller.rb:9
Completed 422 Unprocessable Entity in 267ms (Views: 0.5ms | ActiveRecord: 32.9ms)


Started POST "/users" for ::1 at 2021-10-06 16:27:25 -0700
Processing by UsersController#create as */*
  Parameters: {"user"=>{"name"=>"Tipper4"}}
  [1m[35m (0.2ms)[0m  [1m[35mBEGIN[0m
  ↳ app/controllers/users_controller.rb:9
  [1m[35m (0.3ms)[0m  [1m[31mROLLBACK[0m
  ↳ app/controllers/users_controller.rb:9
Completed 422 Unprocessable Entity in 197ms (ActiveRecord: 17.5ms)


  
ActiveRecord::RecordInvalid (Validation failed: Email can't be blank):
  
app/controllers/users_controller.rb:9:in `create'
Started POST "/users" for ::1 at 2021-10-06 16:29:29 -0700
Processing by UsersController#create as */*
  Parameters: {"user"=>{"name"=>"Tipper4"}}
  [1m[35m (0.2ms)[0m  [1m[35mBEGIN[0m
  ↳ app/controllers/users_controller.rb:9
  [1m[35m (0.2ms)[0m  [1m[31mROLLBACK[0m
  ↳ app/controllers/users_controller.rb:9
Completed 422 Unprocessable Entity in 64ms (Views: 0.2ms | ActiveRecord: 31.2ms)


Started GET "/users/1" for ::1 at 2021-10-06 16:31:15 -0700
Processing by UsersController#show as */*
  Parameters: {"user"=>{"name"=>"Tipper4"}, "id"=>"1"}
  [1m[36mUser Load (8.9ms)[0m  [1m[34mSELECT  "users".* FROM "users" WHERE "users"."id" = $1 LIMIT $2[0m  [["id", 1], ["LIMIT", 1]]
  ↳ app/controllers/users_controller.rb:17
Completed 200 OK in 338ms (Views: 7.0ms | ActiveRecord: 22.4ms)


Started GET "/users/2" for ::1 at 2021-10-06 16:31:55 -0700
Processing by UsersController#show as */*
  Parameters: {"user"=>{"name"=>"Tipper4"}, "id"=>"2"}
  [1m[36mUser Load (3.8ms)[0m  [1m[34mSELECT  "users".* FROM "users" WHERE "users"."id" = $1 LIMIT $2[0m  [["id", 2], ["LIMIT", 1]]
  ↳ app/controllers/users_controller.rb:17
Completed 404 Not Found in 6ms (ActiveRecord: 3.8ms)


  
ActiveRecord::RecordNotFound (Couldn't find User with 'id'=2):
  
app/controllers/users_controller.rb:17:in `show'
Started GET "/users/2" for ::1 at 2021-10-06 16:33:38 -0700
Processing by UsersController#show as */*
  Parameters: {"user"=>{"name"=>"Tipper4"}, "id"=>"2"}
  [1m[36mUser Load (1.2ms)[0m  [1m[34mSELECT  "users".* FROM "users" WHERE "users"."id" = $1 LIMIT $2[0m  [["id", 2], ["LIMIT", 1]]
  ↳ app/controllers/users_controller.rb:17
Completed 404 Not Found in 77ms (ActiveRecord: 40.2ms)


  
ActiveRecord::RecordNotFound (Couldn't find User with 'id'=2):
  
app/controllers/users_controller.rb:17:in `show'
Started GET "/users/2" for ::1 at 2021-10-06 16:34:03 -0700
Processing by UsersController#show as */*
  Parameters: {"user"=>{"name"=>"Tipper4"}, "id"=>"2"}
  [1m[36mUser Load (2.9ms)[0m  [1m[34mSELECT  "users".* FROM "users" WHERE "users"."id" = $1 LIMIT $2[0m  [["id", 2], ["LIMIT", 1]]
  ↳ (byebug):1
  [1m[36mCACHE User Load (1.8ms)[0m  [1m[34mSELECT  "users".* FROM "users" WHERE "users"."id" = $1 LIMIT $2[0m  [["id", 2], ["LIMIT", 1]]
  ↳ app/controllers/users_controller.rb:18
Completed 404 Not Found in 257140ms (ActiveRecord: 23.2ms)


  
ActiveRecord::RecordNotFound (Couldn't find User with 'id'=2):
  
app/controllers/users_controller.rb:18:in `show'
Started GET "/users/2" for ::1 at 2021-10-06 16:38:26 -0700
Processing by UsersController#show as */*
  Parameters: {"user"=>{"name"=>"Tipper4"}, "id"=>"2"}
  [1m[36mUser Load (1.9ms)[0m  [1m[34mSELECT  "users".* FROM "users" WHERE "users"."id" = $1 LIMIT $2[0m  [["id", 2], ["LIMIT", 1]]
  ↳ app/controllers/users_controller.rb:18
  Rendering text template
  Rendered text template (0.0ms)
Completed 200 OK in 129ms (Views: 15.8ms | ActiveRecord: 20.0ms)


Started DELETE "/users/1" for ::1 at 2021-10-06 16:40:40 -0700
Processing by UsersController#destroy as */*
  Parameters: {"user"=>{"name"=>"Tipper4"}, "id"=>"1"}
  [1m[36mUser Load (0.4ms)[0m  [1m[34mSELECT  "users".* FROM "users" WHERE "users"."id" = $1 LIMIT $2[0m  [["id", 1], ["LIMIT", 1]]
  ↳ app/controllers/users_controller.rb:28
  [1m[35m (0.2ms)[0m  [1m[35mBEGIN[0m
  ↳ app/controllers/users_controller.rb:29
  [1m[36mUser Destroy (65.4ms)[0m  [1m[31mDELETE FROM "users" WHERE "users"."id" = $1[0m  [["id", 1]]
  ↳ app/controllers/users_controller.rb:29
  [1m[35m (2.7ms)[0m  [1m[35mCOMMIT[0m
  ↳ app/controllers/users_controller.rb:29
Completed 200 OK in 311ms (Views: 9.2ms | ActiveRecord: 92.7ms)


Started GET "/users" for ::1 at 2021-10-06 16:40:55 -0700
Processing by UsersController#index as */*
  Parameters: {"user"=>{"name"=>"Tipper4"}}
  [1m[36mUser Load (0.8ms)[0m  [1m[34mSELECT "users".* FROM "users"[0m
  ↳ app/controllers/users_controller.rb:4
Completed 200 OK in 4ms (Views: 2.5ms | ActiveRecord: 0.8ms)


Started POST "/users" for ::1 at 2021-10-06 16:42:03 -0700
Processing by UsersController#create as */*
  Parameters: {"user"=>{"name"=>"Tipper4", "email"=>"tipper4@email.com"}}
  [1m[35m (1.5ms)[0m  [1m[35mBEGIN[0m
  ↳ app/controllers/users_controller.rb:9
  [1m[36mUser Create (9.9ms)[0m  [1m[32mINSERT INTO "users" ("name", "email", "created_at", "updated_at") VALUES ($1, $2, $3, $4) RETURNING "id"[0m  [["name", "Tipper4"], ["email", "tipper4@email.com"], ["created_at", "2021-10-06 23:42:03.968761"], ["updated_at", "2021-10-06 23:42:03.968761"]]
  ↳ app/controllers/users_controller.rb:9
  [1m[35m (2.8ms)[0m  [1m[35mCOMMIT[0m
  ↳ app/controllers/users_controller.rb:9
Completed 200 OK in 183ms (Views: 0.7ms | ActiveRecord: 36.4ms)


Started DELETE "/users/2" for ::1 at 2021-10-06 16:42:41 -0700
Processing by UsersController#destroy as */*
  Parameters: {"user"=>{"name"=>"Tipper4", "email"=>"tipper4@email.com"}, "id"=>"2"}
  [1m[36mUser Load (0.5ms)[0m  [1m[34mSELECT  "users".* FROM "users" WHERE "users"."id" = $1 LIMIT $2[0m  [["id", 2], ["LIMIT", 1]]
  ↳ app/controllers/users_controller.rb:28
  [1m[35m (2.0ms)[0m  [1m[35mBEGIN[0m
  ↳ app/controllers/users_controller.rb:29
  [1m[36mUser Destroy (3.1ms)[0m  [1m[31mDELETE FROM "users" WHERE "users"."id" = $1[0m  [["id", 2]]
  ↳ app/controllers/users_controller.rb:29
  [1m[35m (2.8ms)[0m  [1m[35mCOMMIT[0m
  ↳ app/controllers/users_controller.rb:29
  Rendering text template
  Rendered text template (0.0ms)
Completed 200 OK in 266ms (Views: 40.0ms | ActiveRecord: 101.9ms)


Started POST "/users" for ::1 at 2021-10-06 16:43:03 -0700
Processing by UsersController#create as */*
  Parameters: {"user"=>{"name"=>"Tipper4", "email"=>"tipper4@email.com"}}
  [1m[35m (0.4ms)[0m  [1m[35mBEGIN[0m
  ↳ app/controllers/users_controller.rb:9
  [1m[36mUser Create (1.9ms)[0m  [1m[32mINSERT INTO "users" ("name", "email", "created_at", "updated_at") VALUES ($1, $2, $3, $4) RETURNING "id"[0m  [["name", "Tipper4"], ["email", "tipper4@email.com"], ["created_at", "2021-10-06 23:43:04.010250"], ["updated_at", "2021-10-06 23:43:04.010250"]]
  ↳ app/controllers/users_controller.rb:9
  [1m[35m (0.5ms)[0m  [1m[35mCOMMIT[0m
  ↳ app/controllers/users_controller.rb:9
Completed 200 OK in 79ms (Views: 2.6ms | ActiveRecord: 18.8ms)


Started DELETE "/users/3" for ::1 at 2021-10-06 16:43:33 -0700
Processing by UsersController#destroy as */*
  Parameters: {"user"=>{"name"=>"Tipper4", "email"=>"tipper4@email.com"}, "id"=>"3"}
  [1m[36mUser Load (4.1ms)[0m  [1m[34mSELECT  "users".* FROM "users" WHERE "users"."id" = $1 LIMIT $2[0m  [["id", 3], ["LIMIT", 1]]
  ↳ app/controllers/users_controller.rb:28
  [1m[35m (8.1ms)[0m  [1m[35mBEGIN[0m
  ↳ app/controllers/users_controller.rb:29
  [1m[36mUser Destroy (14.7ms)[0m  [1m[31mDELETE FROM "users" WHERE "users"."id" = $1[0m  [["id", 3]]
  ↳ app/controllers/users_controller.rb:29
  [1m[35m (8.7ms)[0m  [1m[35mCOMMIT[0m
  ↳ app/controllers/users_controller.rb:29
  Rendering text template
  Rendered text template (0.1ms)
Completed 200 OK in 53ms (Views: 4.5ms | ActiveRecord: 35.6ms)


Started POST "/users" for ::1 at 2021-10-06 16:44:58 -0700
Processing by UsersController#create as */*
  Parameters: {"user"=>{"name"=>"Tipper4", "email"=>"tipper4@email.com"}}
  [1m[35m (0.3ms)[0m  [1m[35mBEGIN[0m
  ↳ app/controllers/users_controller.rb:9
  [1m[36mUser Create (1.1ms)[0m  [1m[32mINSERT INTO "users" ("name", "email", "created_at", "updated_at") VALUES ($1, $2, $3, $4) RETURNING "id"[0m  [["name", "Tipper4"], ["email", "tipper4@email.com"], ["created_at", "2021-10-06 23:44:59.597340"], ["updated_at", "2021-10-06 23:44:59.597340"]]
  ↳ app/controllers/users_controller.rb:9
  [1m[35m (20.1ms)[0m  [1m[35mCOMMIT[0m
  ↳ app/controllers/users_controller.rb:9
Completed 200 OK in 347ms (Views: 1.4ms | ActiveRecord: 44.0ms)


Started DELETE "/users/4" for ::1 at 2021-10-06 16:45:13 -0700
Processing by UsersController#destroy as */*
  Parameters: {"user"=>{"name"=>"Tipper4", "email"=>"tipper4@email.com"}, "id"=>"4"}
  [1m[36mUser Load (0.4ms)[0m  [1m[34mSELECT  "users".* FROM "users" WHERE "users"."id" = $1 LIMIT $2[0m  [["id", 4], ["LIMIT", 1]]
  ↳ app/controllers/users_controller.rb:28
  [1m[36mUser Destroy (1.1ms)[0m  [1m[31mDELETE FROM "users" WHERE "users"."id" = $1[0m  [["id", 4]]
  ↳ app/controllers/users_controller.rb:29
  Rendering text template
  Rendered text template (0.1ms)
Completed 200 OK in 9ms (Views: 1.5ms | ActiveRecord: 1.5ms)


Started POST "/users" for ::1 at 2021-10-06 16:45:25 -0700
Processing by UsersController#create as */*
  Parameters: {"user"=>{"name"=>"Tipper4", "email"=>"tipper4@email.com"}}
  [1m[35m (0.4ms)[0m  [1m[35mBEGIN[0m
  ↳ app/controllers/users_controller.rb:9
  [1m[36mUser Create (1.8ms)[0m  [1m[32mINSERT INTO "users" ("name", "email", "created_at", "updated_at") VALUES ($1, $2, $3, $4) RETURNING "id"[0m  [["name", "Tipper4"], ["email", "tipper4@email.com"], ["created_at", "2021-10-06 23:45:25.945282"], ["updated_at", "2021-10-06 23:45:25.945282"]]
  ↳ app/controllers/users_controller.rb:9
  [1m[35m (8.7ms)[0m  [1m[35mCOMMIT[0m
  ↳ app/controllers/users_controller.rb:9
Completed 200 OK in 67ms (Views: 0.8ms | ActiveRecord: 10.9ms)


Started POST "/users" for ::1 at 2021-10-06 16:49:36 -0700
Processing by UsersController#create as */*
  Parameters: {"user"=>{"name"=>"Tipper5", "email"=>"tipper5@email.com"}}
  [1m[35m (0.3ms)[0m  [1m[35mBEGIN[0m
  ↳ app/controllers/users_controller.rb:9
  [1m[36mUser Create (1.9ms)[0m  [1m[32mINSERT INTO "users" ("name", "email", "created_at", "updated_at") VALUES ($1, $2, $3, $4) RETURNING "id"[0m  [["name", "Tipper5"], ["email", "tipper5@email.com"], ["created_at", "2021-10-06 23:49:37.486312"], ["updated_at", "2021-10-06 23:49:37.486312"]]
  ↳ app/controllers/users_controller.rb:9
  [1m[35m (17.9ms)[0m  [1m[35mCOMMIT[0m
  ↳ app/controllers/users_controller.rb:9
Completed 200 OK in 322ms (Views: 2.0ms | ActiveRecord: 41.3ms)


Started DELETE "/users/6" for ::1 at 2021-10-06 16:49:54 -0700
Processing by UsersController#destroy as */*
  Parameters: {"user"=>{"name"=>"Tipper5", "email"=>"tipper5@email.com"}, "id"=>"6"}
  [1m[36mUser Load (9.9ms)[0m  [1m[34mSELECT  "users".* FROM "users" WHERE "users"."id" = $1 LIMIT $2[0m  [["id", 6], ["LIMIT", 1]]
  ↳ app/controllers/users_controller.rb:28
  [1m[35m (1.7ms)[0m  [1m[35mBEGIN[0m
  ↳ app/controllers/users_controller.rb:28
  [1m[36mUser Destroy (4.8ms)[0m  [1m[31mDELETE FROM "users" WHERE "users"."id" = $1[0m  [["id", 6]]
  ↳ app/controllers/users_controller.rb:28
  [1m[35m (0.9ms)[0m  [1m[35mCOMMIT[0m
  ↳ app/controllers/users_controller.rb:28
  Rendering text template
  Rendered text template (0.0ms)
Completed 200 OK in 43ms (Views: 4.3ms | ActiveRecord: 17.4ms)


Started DELETE "/users/5" for ::1 at 2021-10-06 16:50:13 -0700
Processing by UsersController#destroy as */*
  Parameters: {"user"=>{"name"=>"Tipper5", "email"=>"tipper5@email.com"}, "id"=>"5"}
  [1m[36mUser Load (0.8ms)[0m  [1m[34mSELECT  "users".* FROM "users" WHERE "users"."id" = $1 LIMIT $2[0m  [["id", 5], ["LIMIT", 1]]
  ↳ app/controllers/users_controller.rb:28
  [1m[36mUser Destroy (1.0ms)[0m  [1m[31mDELETE FROM "users" WHERE "users"."id" = $1[0m  [["id", 5]]
  ↳ app/controllers/users_controller.rb:28
  Rendering text template
  Rendered text template (0.0ms)
Completed 200 OK in 285ms (Views: 1.4ms | ActiveRecord: 25.4ms)


Started POST "/users" for ::1 at 2021-10-06 16:53:32 -0700
Processing by UsersController#create as */*
  Parameters: {"user"=>{"name"=>"Tipper5", "email"=>"tipper5@email.com"}}
  [1m[35m (0.5ms)[0m  [1m[35mBEGIN[0m
  ↳ app/controllers/users_controller.rb:9
  [1m[36mUser Create (1.3ms)[0m  [1m[32mINSERT INTO "users" ("name", "email", "created_at", "updated_at") VALUES ($1, $2, $3, $4) RETURNING "id"[0m  [["name", "Tipper5"], ["email", "tipper5@email.com"], ["created_at", "2021-10-06 23:53:33.461431"], ["updated_at", "2021-10-06 23:53:33.461431"]]
  ↳ app/controllers/users_controller.rb:9
  [1m[35m (24.9ms)[0m  [1m[35mCOMMIT[0m
  ↳ app/controllers/users_controller.rb:9
Completed 200 OK in 582ms (Views: 29.5ms | ActiveRecord: 55.8ms)


Started PATCH "/users/7" for ::1 at 2021-10-06 16:54:45 -0700
Processing by UsersController#update as */*
  Parameters: {"user"=>{"name"=>"Tipper5", "email"=>"new_tipper5@email.edu"}, "id"=>"7"}
  [1m[36mUser Load (7.7ms)[0m  [1m[34mSELECT "users".* FROM "users"[0m
  ↳ app/controllers/users_controller.rb:33
  [1m[35m (1.1ms)[0m  [1m[35mBEGIN[0m
  ↳ app/controllers/users_controller.rb:33
  [1m[36mUser Update (17.3ms)[0m  [1m[33mUPDATE "users" SET "email" = $1, "updated_at" = $2 WHERE "users"."id" = $3[0m  [["email", "new_tipper5@email.edu"], ["updated_at", "2021-10-06 23:54:45.646340"], ["id", 7]]
  ↳ app/controllers/users_controller.rb:33
  [1m[35m (2.7ms)[0m  [1m[35mCOMMIT[0m
  ↳ app/controllers/users_controller.rb:33
Completed 200 OK in 46057ms (Views: 1.2ms | ActiveRecord: 28.8ms)


Started PATCH "/users/7" for ::1 at 2021-10-06 16:56:22 -0700
Processing by UsersController#update as */*
  Parameters: {"user"=>{"name"=>"Tipper5", "email"=>"new_new_tipper5@email.edu"}, "id"=>"7"}
  [1m[36mUser Load (2.0ms)[0m  [1m[34mSELECT "users".* FROM "users"[0m
  ↳ app/controllers/users_controller.rb:33
  [1m[35m (2.3ms)[0m  [1m[35mBEGIN[0m
  ↳ app/controllers/users_controller.rb:33
  [1m[36mUser Update (2.0ms)[0m  [1m[33mUPDATE "users" SET "email" = $1, "updated_at" = $2 WHERE "users"."id" = $3[0m  [["email", "new_new_tipper5@email.edu"], ["updated_at", "2021-10-06 23:56:22.950153"], ["id", 7]]
  ↳ app/controllers/users_controller.rb:33
  [1m[35m (2.3ms)[0m  [1m[35mCOMMIT[0m
  ↳ app/controllers/users_controller.rb:33
Completed 200 OK in 36244ms (Views: 1.0ms | ActiveRecord: 8.7ms)


Started POST "/users" for ::1 at 2021-10-06 17:04:33 -0700
Processing by UsersController#create as */*
  Parameters: {"user"=>{"name"=>"Tipper6", "email"=>"new_new_tipper6@email.edu"}}
  [1m[35m (3.4ms)[0m  [1m[35mBEGIN[0m
  ↳ app/controllers/users_controller.rb:9
  [1m[36mUser Create (2.6ms)[0m  [1m[32mINSERT INTO "users" ("name", "email", "created_at", "updated_at") VALUES ($1, $2, $3, $4) RETURNING "id"[0m  [["name", "Tipper6"], ["email", "new_new_tipper6@email.edu"], ["created_at", "2021-10-07 00:04:34.900923"], ["updated_at", "2021-10-07 00:04:34.900923"]]
  ↳ app/controllers/users_controller.rb:9
  [1m[35m (49.0ms)[0m  [1m[35mCOMMIT[0m
  ↳ app/controllers/users_controller.rb:9
Completed 200 OK in 338ms (Views: 22.2ms | ActiveRecord: 107.5ms)


Started PATCH "/users/8" for ::1 at 2021-10-06 17:05:59 -0700
Processing by UsersController#update as */*
  Parameters: {"user"=>{"name"=>"Tipper6", "email"=>"new_new_new_tipper6@email.edu"}, "id"=>"8"}
  [1m[36mUser Load (1.4ms)[0m  [1m[34mSELECT  "users".* FROM "users" WHERE "users"."id" = $1 LIMIT $2[0m  [["id", 8], ["LIMIT", 1]]
  ↳ app/controllers/users_controller.rb:33
  [1m[35m (0.5ms)[0m  [1m[35mBEGIN[0m
  ↳ app/controllers/users_controller.rb:35
  [1m[36mUser Update (0.7ms)[0m  [1m[33mUPDATE "users" SET "email" = $1, "updated_at" = $2 WHERE "users"."id" = $3[0m  [["email", "new_new_new_tipper6@email.edu"], ["updated_at", "2021-10-07 00:05:59.796682"], ["id", 8]]
  ↳ app/controllers/users_controller.rb:35
  [1m[35m (0.8ms)[0m  [1m[35mCOMMIT[0m
  ↳ app/controllers/users_controller.rb:35
Completed 200 OK in 37ms (Views: 3.0ms | ActiveRecord: 16.7ms)


Started PATCH "/users/8" for ::1 at 2021-10-06 17:06:48 -0700
Processing by UsersController#update as */*
  Parameters: {"user"=>{"name"=>"Tipper6", "email"=>"newer_new_new_tipper6@email.edu"}, "id"=>"8"}
  [1m[36mUser Load (0.6ms)[0m  [1m[34mSELECT "users".* FROM "users"[0m
  ↳ app/controllers/users_controller.rb:33
  [1m[35m (4.2ms)[0m  [1m[35mBEGIN[0m
  ↳ app/controllers/users_controller.rb:33
  [1m[36mUser Update (0.8ms)[0m  [1m[33mUPDATE "users" SET "name" = $1, "email" = $2, "updated_at" = $3 WHERE "users"."id" = $4[0m  [["name", "Tipper6"], ["email", "newer_new_new_tipper6@email.edu"], ["updated_at", "2021-10-07 00:06:49.056397"], ["id", 7]]
  ↳ app/controllers/users_controller.rb:33
  [1m[35m (6.2ms)[0m  [1m[35mCOMMIT[0m
  ↳ app/controllers/users_controller.rb:33
  [1m[35m (1.0ms)[0m  [1m[35mBEGIN[0m
  ↳ app/controllers/users_controller.rb:33
  [1m[36mUser Update (1.9ms)[0m  [1m[33mUPDATE "users" SET "email" = $1, "updated_at" = $2 WHERE "users"."id" = $3[0m  [["email", "newer_new_new_tipper6@email.edu"], ["updated_at", "2021-10-07 00:06:49.102256"], ["id", 8]]
  ↳ app/controllers/users_controller.rb:33
  [1m[35m (2.2ms)[0m  [1m[35mCOMMIT[0m
  ↳ app/controllers/users_controller.rb:33
Completed 200 OK in 300ms (Views: 1.0ms | ActiveRecord: 138.9ms)


Started PATCH "/users/8" for ::1 at 2021-10-06 17:07:39 -0700
Processing by UsersController#update as */*
  Parameters: {"user"=>{"name"=>"Tipper6", "email"=>"newer_new_new_tipper6@email.edu"}, "id"=>"8"}
  [1m[36mUser Load (39.8ms)[0m  [1m[34mSELECT "users".* FROM "users"[0m
  ↳ app/controllers/users_controller.rb:33
  [1m[35m (0.3ms)[0m  [1m[35mBEGIN[0m
  ↳ app/controllers/users_controller.rb:33
  [1m[35m (0.4ms)[0m  [1m[35mCOMMIT[0m
  ↳ app/controllers/users_controller.rb:33
  [1m[35m (0.2ms)[0m  [1m[35mBEGIN[0m
  ↳ app/controllers/users_controller.rb:33
  [1m[35m (0.5ms)[0m  [1m[35mCOMMIT[0m
  ↳ app/controllers/users_controller.rb:33
  [1m[36mCACHE User Load (0.1ms)[0m  [1m[34mSELECT "users".* FROM "users"[0m
  ↳ (byebug):1
  [1m[35m (3.5ms)[0m  [1m[35mBEGIN[0m
  ↳ (byebug):1
  [1m[36mUser Update (4.2ms)[0m  [1m[33mUPDATE "users" SET "email" = $1, "updated_at" = $2 WHERE "users"."id" = $3[0m  [["email", "tippertipper@email.com"], ["updated_at", "2021-10-07 00:10:48.297533"], ["id", 7]]
  ↳ (byebug):1
  [1m[35m (2.4ms)[0m  [1m[35mCOMMIT[0m
  ↳ (byebug):1
  [1m[35m (0.7ms)[0m  [1m[35mBEGIN[0m
  ↳ (byebug):1
  [1m[36mUser Update (3.1ms)[0m  [1m[33mUPDATE "users" SET "email" = $1, "updated_at" = $2 WHERE "users"."id" = $3[0m  [["email", "tippertipper@email.com"], ["updated_at", "2021-10-07 00:10:48.311081"], ["id", 8]]
  ↳ (byebug):1
  [1m[35m (2.4ms)[0m  [1m[35mCOMMIT[0m
  ↳ (byebug):1
Completed 200 OK in 587633ms (Views: 9.0ms | ActiveRecord: 86.8ms)


Started PATCH "/users/8" for ::1 at 2021-10-06 17:18:19 -0700
Processing by UsersController#update as */*
  Parameters: {"user"=>{"name"=>"Tipper8", "email"=>"og_tipper6@email.edu"}, "id"=>"8"}
  [1m[36mUser Load (6.0ms)[0m  [1m[34mSELECT  "users".* FROM "users" WHERE "users"."id" = $1 LIMIT $2[0m  [["id", 8], ["LIMIT", 1]]
  ↳ app/controllers/users_controller.rb:33
  [1m[35m (0.6ms)[0m  [1m[35mBEGIN[0m
  ↳ app/controllers/users_controller.rb:35
  [1m[36mUser Update (20.5ms)[0m  [1m[33mUPDATE "users" SET "name" = $1, "email" = $2, "updated_at" = $3 WHERE "users"."id" = $4[0m  [["name", "Tipper8"], ["email", "og_tipper6@email.edu"], ["updated_at", "2021-10-07 00:18:20.439841"], ["id", 8]]
  ↳ app/controllers/users_controller.rb:35
  [1m[35m (11.8ms)[0m  [1m[35mCOMMIT[0m
  ↳ app/controllers/users_controller.rb:35
Completed 200 OK in 491ms (Views: 4.2ms | ActiveRecord: 146.0ms)


Started PATCH "/users/10" for ::1 at 2021-10-06 17:19:01 -0700
Processing by UsersController#update as */*
  Parameters: {"user"=>{"name"=>"Tipper8", "email"=>"og_tipper6@email.edu"}, "id"=>"10"}
  [1m[36mUser Load (2.1ms)[0m  [1m[34mSELECT  "users".* FROM "users" WHERE "users"."id" = $1 LIMIT $2[0m  [["id", 10], ["LIMIT", 1]]
  ↳ app/controllers/users_controller.rb:33
Completed 404 Not Found in 7ms (ActiveRecord: 2.1ms)


  
ActiveRecord::RecordNotFound (Couldn't find User with 'id'=10):
  
app/controllers/users_controller.rb:33:in `update'
Started PATCH "/users/10" for ::1 at 2021-10-06 17:19:39 -0700
Processing by UsersController#update as */*
  Parameters: {"user"=>{"name"=>"Tipper8", "email"=>"og_tipper6@email.edu"}, "id"=>"10"}
  [1m[36mUser Load (0.5ms)[0m  [1m[34mSELECT  "users".* FROM "users" WHERE "users"."id" = $1 LIMIT $2[0m  [["id", 10], ["LIMIT", 1]]
  ↳ app/controllers/users_controller.rb:33
Completed 404 Not Found in 68ms (ActiveRecord: 35.9ms)


  
ActiveRecord::RecordNotFound (Couldn't find User with 'id'=10):
  
app/controllers/users_controller.rb:33:in `update'
Started PATCH "/users/10" for ::1 at 2021-10-06 17:19:59 -0700
Processing by UsersController#update as */*
  Parameters: {"user"=>{"name"=>"Tipper8", "email"=>"og_tipper6@email.edu"}, "id"=>"10"}
  [1m[36mUser Load (79.9ms)[0m  [1m[34mSELECT  "users".* FROM "users" WHERE (10) LIMIT $1[0m  [["LIMIT", 1]]
  ↳ app/controllers/users_controller.rb:33
Completed 500 Internal Server Error in 183ms (ActiveRecord: 84.1ms)


  
ActiveRecord::StatementInvalid (PG::DatatypeMismatch: ERROR:  argument of WHERE must be type boolean, not type integer
LINE 1: SELECT  "users".* FROM "users" WHERE (10) LIMIT $1
                                              ^
: SELECT  "users".* FROM "users" WHERE (10) LIMIT $1):
  
app/controllers/users_controller.rb:33:in `update'
Started PATCH "/users/10" for ::1 at 2021-10-06 17:20:48 -0700
Processing by UsersController#update as */*
  Parameters: {"user"=>{"name"=>"Tipper8", "email"=>"og_tipper6@email.edu"}, "id"=>"10"}
  [1m[36mUser Load (0.5ms)[0m  [1m[34mSELECT  "users".* FROM "users" WHERE "users"."id" = $1 LIMIT $2[0m  [["id", 10], ["LIMIT", 1]]
  ↳ app/controllers/users_controller.rb:33
Completed 500 Internal Server Error in 302ms (ActiveRecord: 30.2ms)


  
NoMethodError (undefined method `update' for nil:NilClass):
  
app/controllers/users_controller.rb:35:in `update'
Started PATCH "/users/10" for ::1 at 2021-10-06 17:21:16 -0700
Processing by UsersController#update as */*
  Parameters: {"user"=>{"name"=>"Tipper8", "email"=>"og_tipper6@email.edu"}, "id"=>"10"}
  [1m[36mUser Load (1.5ms)[0m  [1m[34mSELECT  "users".* FROM "users" WHERE "users"."id" = $1 LIMIT $2[0m  [["id", 10], ["LIMIT", 1]]
  ↳ app/controllers/users_controller.rb:33
  Rendering text template
  Rendered text template (0.0ms)
Completed 200 OK in 135ms (Views: 14.4ms | ActiveRecord: 10.7ms)


Started PATCH "/users/10" for ::1 at 2021-10-06 17:21:45 -0700
Processing by UsersController#update as */*
  Parameters: {"user"=>{"name"=>"Tipper8", "email"=>"og_tipper6@email.edu"}, "id"=>"10"}
  [1m[36mUser Load (0.3ms)[0m  [1m[34mSELECT  "users".* FROM "users" WHERE "users"."id" = $1 LIMIT $2[0m  [["id", 10], ["LIMIT", 1]]
  ↳ app/controllers/users_controller.rb:33
  Rendering text template
  Rendered text template (0.0ms)
Completed 200 OK in 38ms (Views: 2.8ms | ActiveRecord: 4.5ms)


Started PATCH "/users/8" for ::1 at 2021-10-06 17:23:39 -0700
Processing by UsersController#update as */*
  Parameters: {"user"=>{"name"=>"Tipper88", "email"=>"new_og_tipper6@email.edu"}, "id"=>"8"}
  [1m[36mUser Load (0.4ms)[0m  [1m[34mSELECT  "users".* FROM "users" WHERE "users"."id" = $1 LIMIT $2[0m  [["id", 8], ["LIMIT", 1]]
  ↳ app/controllers/users_controller.rb:33
  [1m[35m (0.2ms)[0m  [1m[35mBEGIN[0m
  ↳ app/controllers/users_controller.rb:34
  [1m[36mUser Update (1.1ms)[0m  [1m[33mUPDATE "users" SET "name" = $1, "email" = $2, "updated_at" = $3 WHERE "users"."id" = $4[0m  [["name", "Tipper88"], ["email", "new_og_tipper6@email.edu"], ["updated_at", "2021-10-07 00:23:40.177091"], ["id", 8]]
  ↳ app/controllers/users_controller.rb:34
  [1m[35m (1.3ms)[0m  [1m[35mCOMMIT[0m
  ↳ app/controllers/users_controller.rb:34
Completed 200 OK in 226ms (Views: 3.7ms | ActiveRecord: 29.8ms)


Started POST "/users" for ::1 at 2021-10-06 17:24:14 -0700
Processing by UsersController#create as */*
  Parameters: {"user"=>{"name"=>"Tipper99", "email"=>"tipper99@email.edu"}}
  [1m[35m (3.6ms)[0m  [1m[35mBEGIN[0m
  ↳ app/controllers/users_controller.rb:9
  [1m[36mUser Create (5.5ms)[0m  [1m[32mINSERT INTO "users" ("name", "email", "created_at", "updated_at") VALUES ($1, $2, $3, $4) RETURNING "id"[0m  [["name", "Tipper99"], ["email", "tipper99@email.edu"], ["created_at", "2021-10-07 00:24:14.773271"], ["updated_at", "2021-10-07 00:24:14.773271"]]
  ↳ app/controllers/users_controller.rb:9
  [1m[35m (2.2ms)[0m  [1m[35mCOMMIT[0m
  ↳ app/controllers/users_controller.rb:9
Completed 200 OK in 18ms (Views: 0.8ms | ActiveRecord: 11.3ms)


Started GET "/users" for ::1 at 2021-10-06 17:24:30 -0700
Processing by UsersController#index as */*
  Parameters: {"user"=>{"name"=>"Tipper99", "email"=>"tipper99@email.edu"}}
  [1m[36mUser Load (4.7ms)[0m  [1m[34mSELECT "users".* FROM "users"[0m
  ↳ app/controllers/users_controller.rb:4
Completed 200 OK in 9ms (Views: 4.2ms | ActiveRecord: 4.7ms)


